2013/12/29 08:47:22 [error] [exception.CException] exception 'CException' with message 'Property "Users.password" is not defined.' in /Users/shahjalal/Library/Containers/com.bitnami.mampstack/Data/app-5_4_9/apache2/htdocs/yiiroot/framework/base/CComponent.php:130
Stack trace:
#0 /Users/shahjalal/Library/Containers/com.bitnami.mampstack/Data/app-5_4_9/apache2/htdocs/yiiroot/framework/db/ar/CActiveRecord.php(145): CComponent->__get('password')
#1 /Users/shahjalal/Library/Containers/com.bitnami.mampstack/Data/app-5_4_9/apache2/htdocs/yiiroot/framework/web/helpers/CHtml.php(2529): CActiveRecord->__get('password')
#2 /Users/shahjalal/Library/Containers/com.bitnami.mampstack/Data/app-5_4_9/apache2/htdocs/yiiroot/framework/web/helpers/CHtml.php(2252): CHtml::resolveValue(Object(Users), 'password')
#3 /Users/shahjalal/Library/Containers/com.bitnami.mampstack/Data/app-5_4_9/apache2/htdocs/yiiroot/framework/web/helpers/CHtml.php(1628): CHtml::activeInputField('password', Object(Users), 'password', Array)
#4 /Users/shahjalal/Library/Containers/com.bitnami.mampstack/Data/app-5_4_9/apache2/htdocs/yiiroot/framework/web/widgets/CActiveForm.php(771): CHtml::activePasswordField(Object(Users), 'password', Array)
#5 /Users/shahjalal/Library/Containers/com.bitnami.mampstack/Data/app-5_4_9/apache2/htdocs/yiireg/protected/views/users/index.php(30): CActiveForm->passwordField(Object(Users), 'password', Array)
#6 /Users/shahjalal/Library/Containers/com.bitnami.mampstack/Data/app-5_4_9/apache2/htdocs/yiiroot/framework/web/CBaseController.php(126): require('/Users/shahjala...')
#7 /Users/shahjalal/Library/Containers/com.bitnami.mampstack/Data/app-5_4_9/apache2/htdocs/yiiroot/framework/web/CBaseController.php(95): CBaseController->renderInternal('/Users/shahjala...', Array, true)
#8 /Users/shahjalal/Library/Containers/com.bitnami.mampstack/Data/app-5_4_9/apache2/htdocs/yiiroot/framework/web/CController.php(869): CBaseController->renderFile('/Users/shahjala...', Array, true)
#9 /Users/shahjalal/Library/Containers/com.bitnami.mampstack/Data/app-5_4_9/apache2/htdocs/yiiroot/framework/web/CController.php(782): CController->renderPartial('index', Array, true)
#10 /Users/shahjalal/Library/Containers/com.bitnami.mampstack/Data/app-5_4_9/apache2/htdocs/yiireg/protected/controllers/UsersController.php(27): CController->render('index', Array)
#11 /Users/shahjalal/Library/Containers/com.bitnami.mampstack/Data/app-5_4_9/apache2/htdocs/yiiroot/framework/web/actions/CInlineAction.php(49): UsersController->actionIndex()
#12 /Users/shahjalal/Library/Containers/com.bitnami.mampstack/Data/app-5_4_9/apache2/htdocs/yiiroot/framework/web/CController.php(308): CInlineAction->runWithParams(Array)
#13 /Users/shahjalal/Library/Containers/com.bitnami.mampstack/Data/app-5_4_9/apache2/htdocs/yiiroot/framework/web/CController.php(286): CController->runAction(Object(CInlineAction))
#14 /Users/shahjalal/Library/Containers/com.bitnami.mampstack/Data/app-5_4_9/apache2/htdocs/yiiroot/framework/web/CController.php(265): CController->runActionWithFilters(Object(CInlineAction), Array)
#15 /Users/shahjalal/Library/Containers/com.bitnami.mampstack/Data/app-5_4_9/apache2/htdocs/yiiroot/framework/web/CWebApplication.php(282): CController->run('')
#16 /Users/shahjalal/Library/Containers/com.bitnami.mampstack/Data/app-5_4_9/apache2/htdocs/yiiroot/framework/web/CWebApplication.php(141): CWebApplication->runController('users')
#17 /Users/shahjalal/Library/Containers/com.bitnami.mampstack/Data/app-5_4_9/apache2/htdocs/yiiroot/framework/base/CApplication.php(180): CWebApplication->processRequest()
#18 /Users/shahjalal/Library/Containers/com.bitnami.mampstack/Data/app-5_4_9/apache2/htdocs/yiireg/index.php(13): CApplication->run()
#19 {main}
REQUEST_URI=/yiireg/index.php/users
---
2013/12/29 08:47:54 [error] [exception.CException] exception 'CException' with message 'Property "Users.password" is not defined.' in /Users/shahjalal/Library/Containers/com.bitnami.mampstack/Data/app-5_4_9/apache2/htdocs/yiiroot/framework/base/CComponent.php:130
Stack trace:
#0 /Users/shahjalal/Library/Containers/com.bitnami.mampstack/Data/app-5_4_9/apache2/htdocs/yiiroot/framework/db/ar/CActiveRecord.php(145): CComponent->__get('password')
#1 /Users/shahjalal/Library/Containers/com.bitnami.mampstack/Data/app-5_4_9/apache2/htdocs/yiiroot/framework/web/helpers/CHtml.php(2529): CActiveRecord->__get('password')
#2 /Users/shahjalal/Library/Containers/com.bitnami.mampstack/Data/app-5_4_9/apache2/htdocs/yiiroot/framework/web/helpers/CHtml.php(2252): CHtml::resolveValue(Object(Users), 'password')
#3 /Users/shahjalal/Library/Containers/com.bitnami.mampstack/Data/app-5_4_9/apache2/htdocs/yiiroot/framework/web/helpers/CHtml.php(1628): CHtml::activeInputField('password', Object(Users), 'password', Array)
#4 /Users/shahjalal/Library/Containers/com.bitnami.mampstack/Data/app-5_4_9/apache2/htdocs/yiiroot/framework/web/widgets/CActiveForm.php(771): CHtml::activePasswordField(Object(Users), 'password', Array)
#5 /Users/shahjalal/Library/Containers/com.bitnami.mampstack/Data/app-5_4_9/apache2/htdocs/yiireg/protected/views/users/index.php(30): CActiveForm->passwordField(Object(Users), 'password', Array)
#6 /Users/shahjalal/Library/Containers/com.bitnami.mampstack/Data/app-5_4_9/apache2/htdocs/yiiroot/framework/web/CBaseController.php(126): require('/Users/shahjala...')
#7 /Users/shahjalal/Library/Containers/com.bitnami.mampstack/Data/app-5_4_9/apache2/htdocs/yiiroot/framework/web/CBaseController.php(95): CBaseController->renderInternal('/Users/shahjala...', Array, true)
#8 /Users/shahjalal/Library/Containers/com.bitnami.mampstack/Data/app-5_4_9/apache2/htdocs/yiiroot/framework/web/CController.php(869): CBaseController->renderFile('/Users/shahjala...', Array, true)
#9 /Users/shahjalal/Library/Containers/com.bitnami.mampstack/Data/app-5_4_9/apache2/htdocs/yiiroot/framework/web/CController.php(782): CController->renderPartial('index', Array, true)
#10 /Users/shahjalal/Library/Containers/com.bitnami.mampstack/Data/app-5_4_9/apache2/htdocs/yiireg/protected/controllers/UsersController.php(27): CController->render('index', Array)
#11 /Users/shahjalal/Library/Containers/com.bitnami.mampstack/Data/app-5_4_9/apache2/htdocs/yiiroot/framework/web/actions/CInlineAction.php(49): UsersController->actionIndex()
#12 /Users/shahjalal/Library/Containers/com.bitnami.mampstack/Data/app-5_4_9/apache2/htdocs/yiiroot/framework/web/CController.php(308): CInlineAction->runWithParams(Array)
#13 /Users/shahjalal/Library/Containers/com.bitnami.mampstack/Data/app-5_4_9/apache2/htdocs/yiiroot/framework/web/CController.php(286): CController->runAction(Object(CInlineAction))
#14 /Users/shahjalal/Library/Containers/com.bitnami.mampstack/Data/app-5_4_9/apache2/htdocs/yiiroot/framework/web/CController.php(265): CController->runActionWithFilters(Object(CInlineAction), Array)
#15 /Users/shahjalal/Library/Containers/com.bitnami.mampstack/Data/app-5_4_9/apache2/htdocs/yiiroot/framework/web/CWebApplication.php(282): CController->run('')
#16 /Users/shahjalal/Library/Containers/com.bitnami.mampstack/Data/app-5_4_9/apache2/htdocs/yiiroot/framework/web/CWebApplication.php(141): CWebApplication->runController('users')
#17 /Users/shahjalal/Library/Containers/com.bitnami.mampstack/Data/app-5_4_9/apache2/htdocs/yiiroot/framework/base/CApplication.php(180): CWebApplication->processRequest()
#18 /Users/shahjalal/Library/Containers/com.bitnami.mampstack/Data/app-5_4_9/apache2/htdocs/yiireg/index.php(13): CApplication->run()
#19 {main}
REQUEST_URI=/yiireg/index.php/users
---
2013/12/29 08:47:56 [error] [exception.CException] exception 'CException' with message 'Property "Users.password" is not defined.' in /Users/shahjalal/Library/Containers/com.bitnami.mampstack/Data/app-5_4_9/apache2/htdocs/yiiroot/framework/base/CComponent.php:130
Stack trace:
#0 /Users/shahjalal/Library/Containers/com.bitnami.mampstack/Data/app-5_4_9/apache2/htdocs/yiiroot/framework/db/ar/CActiveRecord.php(145): CComponent->__get('password')
#1 /Users/shahjalal/Library/Containers/com.bitnami.mampstack/Data/app-5_4_9/apache2/htdocs/yiiroot/framework/web/helpers/CHtml.php(2529): CActiveRecord->__get('password')
#2 /Users/shahjalal/Library/Containers/com.bitnami.mampstack/Data/app-5_4_9/apache2/htdocs/yiiroot/framework/web/helpers/CHtml.php(2252): CHtml::resolveValue(Object(Users), 'password')
#3 /Users/shahjalal/Library/Containers/com.bitnami.mampstack/Data/app-5_4_9/apache2/htdocs/yiiroot/framework/web/helpers/CHtml.php(1628): CHtml::activeInputField('password', Object(Users), 'password', Array)
#4 /Users/shahjalal/Library/Containers/com.bitnami.mampstack/Data/app-5_4_9/apache2/htdocs/yiiroot/framework/web/widgets/CActiveForm.php(771): CHtml::activePasswordField(Object(Users), 'password', Array)
#5 /Users/shahjalal/Library/Containers/com.bitnami.mampstack/Data/app-5_4_9/apache2/htdocs/yiireg/protected/views/users/index.php(30): CActiveForm->passwordField(Object(Users), 'password', Array)
#6 /Users/shahjalal/Library/Containers/com.bitnami.mampstack/Data/app-5_4_9/apache2/htdocs/yiiroot/framework/web/CBaseController.php(126): require('/Users/shahjala...')
#7 /Users/shahjalal/Library/Containers/com.bitnami.mampstack/Data/app-5_4_9/apache2/htdocs/yiiroot/framework/web/CBaseController.php(95): CBaseController->renderInternal('/Users/shahjala...', Array, true)
#8 /Users/shahjalal/Library/Containers/com.bitnami.mampstack/Data/app-5_4_9/apache2/htdocs/yiiroot/framework/web/CController.php(869): CBaseController->renderFile('/Users/shahjala...', Array, true)
#9 /Users/shahjalal/Library/Containers/com.bitnami.mampstack/Data/app-5_4_9/apache2/htdocs/yiiroot/framework/web/CController.php(782): CController->renderPartial('index', Array, true)
#10 /Users/shahjalal/Library/Containers/com.bitnami.mampstack/Data/app-5_4_9/apache2/htdocs/yiireg/protected/controllers/UsersController.php(27): CController->render('index', Array)
#11 /Users/shahjalal/Library/Containers/com.bitnami.mampstack/Data/app-5_4_9/apache2/htdocs/yiiroot/framework/web/actions/CInlineAction.php(49): UsersController->actionIndex()
#12 /Users/shahjalal/Library/Containers/com.bitnami.mampstack/Data/app-5_4_9/apache2/htdocs/yiiroot/framework/web/CController.php(308): CInlineAction->runWithParams(Array)
#13 /Users/shahjalal/Library/Containers/com.bitnami.mampstack/Data/app-5_4_9/apache2/htdocs/yiiroot/framework/web/CController.php(286): CController->runAction(Object(CInlineAction))
#14 /Users/shahjalal/Library/Containers/com.bitnami.mampstack/Data/app-5_4_9/apache2/htdocs/yiiroot/framework/web/CController.php(265): CController->runActionWithFilters(Object(CInlineAction), Array)
#15 /Users/shahjalal/Library/Containers/com.bitnami.mampstack/Data/app-5_4_9/apache2/htdocs/yiiroot/framework/web/CWebApplication.php(282): CController->run('')
#16 /Users/shahjalal/Library/Containers/com.bitnami.mampstack/Data/app-5_4_9/apache2/htdocs/yiiroot/framework/web/CWebApplication.php(141): CWebApplication->runController('users')
#17 /Users/shahjalal/Library/Containers/com.bitnami.mampstack/Data/app-5_4_9/apache2/htdocs/yiiroot/framework/base/CApplication.php(180): CWebApplication->processRequest()
#18 /Users/shahjalal/Library/Containers/com.bitnami.mampstack/Data/app-5_4_9/apache2/htdocs/yiireg/index.php(13): CApplication->run()
#19 {main}
REQUEST_URI=/yiireg/index.php/users
---
2013/12/29 09:14:54 [error] [php] Undefined variable: user (/Users/shahjalal/Library/Containers/com.bitnami.mampstack/Data/app-5_4_9/apache2/htdocs/yiireg/protected/views/users/index.php:35)
Stack trace:
#0 /Users/shahjalal/Library/Containers/com.bitnami.mampstack/Data/app-5_4_9/apache2/htdocs/yiiroot/framework/web/CController.php(869): UsersController->renderFile()
#1 /Users/shahjalal/Library/Containers/com.bitnami.mampstack/Data/app-5_4_9/apache2/htdocs/yiiroot/framework/web/CController.php(782): UsersController->renderPartial()
#2 /Users/shahjalal/Library/Containers/com.bitnami.mampstack/Data/app-5_4_9/apache2/htdocs/yiireg/protected/controllers/UsersController.php(27): UsersController->render()
#3 /Users/shahjalal/Library/Containers/com.bitnami.mampstack/Data/app-5_4_9/apache2/htdocs/yiiroot/framework/web/actions/CInlineAction.php(49): UsersController->actionIndex()
#4 /Users/shahjalal/Library/Containers/com.bitnami.mampstack/Data/app-5_4_9/apache2/htdocs/yiiroot/framework/web/CController.php(308): CInlineAction->runWithParams()
#5 /Users/shahjalal/Library/Containers/com.bitnami.mampstack/Data/app-5_4_9/apache2/htdocs/yiiroot/framework/web/CController.php(286): UsersController->runAction()
#6 /Users/shahjalal/Library/Containers/com.bitnami.mampstack/Data/app-5_4_9/apache2/htdocs/yiiroot/framework/web/CController.php(265): UsersController->runActionWithFilters()
#7 /Users/shahjalal/Library/Containers/com.bitnami.mampstack/Data/app-5_4_9/apache2/htdocs/yiiroot/framework/web/CWebApplication.php(282): UsersController->run()
#8 /Users/shahjalal/Library/Containers/com.bitnami.mampstack/Data/app-5_4_9/apache2/htdocs/yiiroot/framework/web/CWebApplication.php(141): CWebApplication->runController()
#9 /Users/shahjalal/Library/Containers/com.bitnami.mampstack/Data/app-5_4_9/apache2/htdocs/yiiroot/framework/base/CApplication.php(180): CWebApplication->processRequest()
#10 /Users/shahjalal/Library/Containers/com.bitnami.mampstack/Data/app-5_4_9/apache2/htdocs/yiireg/index.php(13): CWebApplication->run()
REQUEST_URI=/yiireg/index.php/users
in /Users/shahjalal/Library/Containers/com.bitnami.mampstack/Data/app-5_4_9/apache2/htdocs/yiireg/protected/views/users/index.php (35)
in /Users/shahjalal/Library/Containers/com.bitnami.mampstack/Data/app-5_4_9/apache2/htdocs/yiireg/protected/controllers/UsersController.php (27)
in /Users/shahjalal/Library/Containers/com.bitnami.mampstack/Data/app-5_4_9/apache2/htdocs/yiireg/index.php (13)
2013/12/29 09:19:13 [error] [php] Undefined variable: user (/Users/shahjalal/Library/Containers/com.bitnami.mampstack/Data/app-5_4_9/apache2/htdocs/yiireg/protected/views/users/index.php:35)
Stack trace:
#0 /Users/shahjalal/Library/Containers/com.bitnami.mampstack/Data/app-5_4_9/apache2/htdocs/yiiroot/framework/web/CController.php(869): UsersController->renderFile()
#1 /Users/shahjalal/Library/Containers/com.bitnami.mampstack/Data/app-5_4_9/apache2/htdocs/yiiroot/framework/web/CController.php(782): UsersController->renderPartial()
#2 /Users/shahjalal/Library/Containers/com.bitnami.mampstack/Data/app-5_4_9/apache2/htdocs/yiireg/protected/controllers/UsersController.php(27): UsersController->render()
#3 /Users/shahjalal/Library/Containers/com.bitnami.mampstack/Data/app-5_4_9/apache2/htdocs/yiiroot/framework/web/actions/CInlineAction.php(49): UsersController->actionIndex()
#4 /Users/shahjalal/Library/Containers/com.bitnami.mampstack/Data/app-5_4_9/apache2/htdocs/yiiroot/framework/web/CController.php(308): CInlineAction->runWithParams()
#5 /Users/shahjalal/Library/Containers/com.bitnami.mampstack/Data/app-5_4_9/apache2/htdocs/yiiroot/framework/web/CController.php(286): UsersController->runAction()
#6 /Users/shahjalal/Library/Containers/com.bitnami.mampstack/Data/app-5_4_9/apache2/htdocs/yiiroot/framework/web/CController.php(265): UsersController->runActionWithFilters()
#7 /Users/shahjalal/Library/Containers/com.bitnami.mampstack/Data/app-5_4_9/apache2/htdocs/yiiroot/framework/web/CWebApplication.php(282): UsersController->run()
#8 /Users/shahjalal/Library/Containers/com.bitnami.mampstack/Data/app-5_4_9/apache2/htdocs/yiiroot/framework/web/CWebApplication.php(141): CWebApplication->runController()
#9 /Users/shahjalal/Library/Containers/com.bitnami.mampstack/Data/app-5_4_9/apache2/htdocs/yiiroot/framework/base/CApplication.php(180): CWebApplication->processRequest()
#10 /Users/shahjalal/Library/Containers/com.bitnami.mampstack/Data/app-5_4_9/apache2/htdocs/yiireg/index.php(13): CWebApplication->run()
REQUEST_URI=/yiireg/index.php/users
in /Users/shahjalal/Library/Containers/com.bitnami.mampstack/Data/app-5_4_9/apache2/htdocs/yiireg/protected/views/users/index.php (35)
in /Users/shahjalal/Library/Containers/com.bitnami.mampstack/Data/app-5_4_9/apache2/htdocs/yiireg/protected/controllers/UsersController.php (27)
in /Users/shahjalal/Library/Containers/com.bitnami.mampstack/Data/app-5_4_9/apache2/htdocs/yiireg/index.php (13)
2013/12/29 09:19:17 [error] [php] Undefined variable: user (/Users/shahjalal/Library/Containers/com.bitnami.mampstack/Data/app-5_4_9/apache2/htdocs/yiireg/protected/views/users/index.php:35)
Stack trace:
#0 /Users/shahjalal/Library/Containers/com.bitnami.mampstack/Data/app-5_4_9/apache2/htdocs/yiiroot/framework/web/CController.php(869): UsersController->renderFile()
#1 /Users/shahjalal/Library/Containers/com.bitnami.mampstack/Data/app-5_4_9/apache2/htdocs/yiiroot/framework/web/CController.php(782): UsersController->renderPartial()
#2 /Users/shahjalal/Library/Containers/com.bitnami.mampstack/Data/app-5_4_9/apache2/htdocs/yiireg/protected/controllers/UsersController.php(27): UsersController->render()
#3 /Users/shahjalal/Library/Containers/com.bitnami.mampstack/Data/app-5_4_9/apache2/htdocs/yiiroot/framework/web/actions/CInlineAction.php(49): UsersController->actionIndex()
#4 /Users/shahjalal/Library/Containers/com.bitnami.mampstack/Data/app-5_4_9/apache2/htdocs/yiiroot/framework/web/CController.php(308): CInlineAction->runWithParams()
#5 /Users/shahjalal/Library/Containers/com.bitnami.mampstack/Data/app-5_4_9/apache2/htdocs/yiiroot/framework/web/CController.php(286): UsersController->runAction()
#6 /Users/shahjalal/Library/Containers/com.bitnami.mampstack/Data/app-5_4_9/apache2/htdocs/yiiroot/framework/web/CController.php(265): UsersController->runActionWithFilters()
#7 /Users/shahjalal/Library/Containers/com.bitnami.mampstack/Data/app-5_4_9/apache2/htdocs/yiiroot/framework/web/CWebApplication.php(282): UsersController->run()
#8 /Users/shahjalal/Library/Containers/com.bitnami.mampstack/Data/app-5_4_9/apache2/htdocs/yiiroot/framework/web/CWebApplication.php(141): CWebApplication->runController()
#9 /Users/shahjalal/Library/Containers/com.bitnami.mampstack/Data/app-5_4_9/apache2/htdocs/yiiroot/framework/base/CApplication.php(180): CWebApplication->processRequest()
#10 /Users/shahjalal/Library/Containers/com.bitnami.mampstack/Data/app-5_4_9/apache2/htdocs/yiireg/index.php(13): CWebApplication->run()
REQUEST_URI=/yiireg/index.php/users
in /Users/shahjalal/Library/Containers/com.bitnami.mampstack/Data/app-5_4_9/apache2/htdocs/yiireg/protected/views/users/index.php (35)
in /Users/shahjalal/Library/Containers/com.bitnami.mampstack/Data/app-5_4_9/apache2/htdocs/yiireg/protected/controllers/UsersController.php (27)
in /Users/shahjalal/Library/Containers/com.bitnami.mampstack/Data/app-5_4_9/apache2/htdocs/yiireg/index.php (13)
2013/12/29 09:29:35 [error] [exception.CException] exception 'CException' with message 'Property "Users.verifyCode" is not defined.' in /Users/shahjalal/Library/Containers/com.bitnami.mampstack/Data/app-5_4_9/apache2/htdocs/yiiroot/framework/base/CComponent.php:130
Stack trace:
#0 /Users/shahjalal/Library/Containers/com.bitnami.mampstack/Data/app-5_4_9/apache2/htdocs/yiiroot/framework/db/ar/CActiveRecord.php(145): CComponent->__get('verifyCode')
#1 /Users/shahjalal/Library/Containers/com.bitnami.mampstack/Data/app-5_4_9/apache2/htdocs/yiiroot/framework/web/helpers/CHtml.php(2529): CActiveRecord->__get('verifyCode')
#2 /Users/shahjalal/Library/Containers/com.bitnami.mampstack/Data/app-5_4_9/apache2/htdocs/yiiroot/framework/web/helpers/CHtml.php(2252): CHtml::resolveValue(Object(Users), 'verifyCode')
#3 /Users/shahjalal/Library/Containers/com.bitnami.mampstack/Data/app-5_4_9/apache2/htdocs/yiiroot/framework/web/helpers/CHtml.php(1434): CHtml::activeInputField('text', Object(Users), 'verifyCode', Array)
#4 /Users/shahjalal/Library/Containers/com.bitnami.mampstack/Data/app-5_4_9/apache2/htdocs/yiiroot/framework/web/widgets/CActiveForm.php(725): CHtml::activeTextField(Object(Users), 'verifyCode', Array)
#5 /Users/shahjalal/Library/Containers/com.bitnami.mampstack/Data/app-5_4_9/apache2/htdocs/yiireg/protected/views/users/index.php(84): CActiveForm->textField(Object(Users), 'verifyCode')
#6 /Users/shahjalal/Library/Containers/com.bitnami.mampstack/Data/app-5_4_9/apache2/htdocs/yiiroot/framework/web/CBaseController.php(126): require('/Users/shahjala...')
#7 /Users/shahjalal/Library/Containers/com.bitnami.mampstack/Data/app-5_4_9/apache2/htdocs/yiiroot/framework/web/CBaseController.php(95): CBaseController->renderInternal('/Users/shahjala...', Array, true)
#8 /Users/shahjalal/Library/Containers/com.bitnami.mampstack/Data/app-5_4_9/apache2/htdocs/yiiroot/framework/web/CController.php(869): CBaseController->renderFile('/Users/shahjala...', Array, true)
#9 /Users/shahjalal/Library/Containers/com.bitnami.mampstack/Data/app-5_4_9/apache2/htdocs/yiiroot/framework/web/CController.php(782): CController->renderPartial('index', Array, true)
#10 /Users/shahjalal/Library/Containers/com.bitnami.mampstack/Data/app-5_4_9/apache2/htdocs/yiireg/protected/controllers/UsersController.php(27): CController->render('index', Array)
#11 /Users/shahjalal/Library/Containers/com.bitnami.mampstack/Data/app-5_4_9/apache2/htdocs/yiiroot/framework/web/actions/CInlineAction.php(49): UsersController->actionIndex()
#12 /Users/shahjalal/Library/Containers/com.bitnami.mampstack/Data/app-5_4_9/apache2/htdocs/yiiroot/framework/web/CController.php(308): CInlineAction->runWithParams(Array)
#13 /Users/shahjalal/Library/Containers/com.bitnami.mampstack/Data/app-5_4_9/apache2/htdocs/yiiroot/framework/web/CController.php(286): CController->runAction(Object(CInlineAction))
#14 /Users/shahjalal/Library/Containers/com.bitnami.mampstack/Data/app-5_4_9/apache2/htdocs/yiiroot/framework/web/CController.php(265): CController->runActionWithFilters(Object(CInlineAction), Array)
#15 /Users/shahjalal/Library/Containers/com.bitnami.mampstack/Data/app-5_4_9/apache2/htdocs/yiiroot/framework/web/CWebApplication.php(282): CController->run('')
#16 /Users/shahjalal/Library/Containers/com.bitnami.mampstack/Data/app-5_4_9/apache2/htdocs/yiiroot/framework/web/CWebApplication.php(141): CWebApplication->runController('users')
#17 /Users/shahjalal/Library/Containers/com.bitnami.mampstack/Data/app-5_4_9/apache2/htdocs/yiiroot/framework/base/CApplication.php(180): CWebApplication->processRequest()
#18 /Users/shahjalal/Library/Containers/com.bitnami.mampstack/Data/app-5_4_9/apache2/htdocs/yiireg/index.php(13): CApplication->run()
#19 {main}
REQUEST_URI=/yiireg/index.php/users
---
2013/12/29 09:33:36 [error] [exception.CHttpException.404] exception 'CHttpException' with message 'The system is unable to find the requested action "captcha".' in /Users/shahjalal/Library/Containers/com.bitnami.mampstack/Data/app-5_4_9/apache2/htdocs/yiiroot/framework/web/CController.php:483
Stack trace:
#0 /Users/shahjalal/Library/Containers/com.bitnami.mampstack/Data/app-5_4_9/apache2/htdocs/yiiroot/framework/web/CController.php(270): CController->missingAction('captcha')
#1 /Users/shahjalal/Library/Containers/com.bitnami.mampstack/Data/app-5_4_9/apache2/htdocs/yiiroot/framework/web/CWebApplication.php(282): CController->run('captcha')
#2 /Users/shahjalal/Library/Containers/com.bitnami.mampstack/Data/app-5_4_9/apache2/htdocs/yiiroot/framework/web/CWebApplication.php(141): CWebApplication->runController('users/captcha')
#3 /Users/shahjalal/Library/Containers/com.bitnami.mampstack/Data/app-5_4_9/apache2/htdocs/yiiroot/framework/base/CApplication.php(180): CWebApplication->processRequest()
#4 /Users/shahjalal/Library/Containers/com.bitnami.mampstack/Data/app-5_4_9/apache2/htdocs/yiireg/index.php(13): CApplication->run()
#5 {main}
REQUEST_URI=/yiireg/index.php/users/captcha?v=52c05cefc85fb
HTTP_REFERER=http://localhost:8080/yiireg/index.php/users
---
2013/12/29 09:33:41 [error] [exception.CHttpException.404] exception 'CHttpException' with message 'The system is unable to find the requested action "captcha".' in /Users/shahjalal/Library/Containers/com.bitnami.mampstack/Data/app-5_4_9/apache2/htdocs/yiiroot/framework/web/CController.php:483
Stack trace:
#0 /Users/shahjalal/Library/Containers/com.bitnami.mampstack/Data/app-5_4_9/apache2/htdocs/yiiroot/framework/web/CController.php(270): CController->missingAction('captcha')
#1 /Users/shahjalal/Library/Containers/com.bitnami.mampstack/Data/app-5_4_9/apache2/htdocs/yiiroot/framework/web/CWebApplication.php(282): CController->run('captcha')
#2 /Users/shahjalal/Library/Containers/com.bitnami.mampstack/Data/app-5_4_9/apache2/htdocs/yiiroot/framework/web/CWebApplication.php(141): CWebApplication->runController('users/captcha')
#3 /Users/shahjalal/Library/Containers/com.bitnami.mampstack/Data/app-5_4_9/apache2/htdocs/yiiroot/framework/base/CApplication.php(180): CWebApplication->processRequest()
#4 /Users/shahjalal/Library/Containers/com.bitnami.mampstack/Data/app-5_4_9/apache2/htdocs/yiireg/index.php(13): CApplication->run()
#5 {main}
REQUEST_URI=/yiireg/index.php/users/captcha?refresh=1&_=1388338421363
HTTP_REFERER=http://localhost:8080/yiireg/index.php/users
---
2013/12/29 09:33:43 [error] [exception.CHttpException.404] exception 'CHttpException' with message 'The system is unable to find the requested action "captcha".' in /Users/shahjalal/Library/Containers/com.bitnami.mampstack/Data/app-5_4_9/apache2/htdocs/yiiroot/framework/web/CController.php:483
Stack trace:
#0 /Users/shahjalal/Library/Containers/com.bitnami.mampstack/Data/app-5_4_9/apache2/htdocs/yiiroot/framework/web/CController.php(270): CController->missingAction('captcha')
#1 /Users/shahjalal/Library/Containers/com.bitnami.mampstack/Data/app-5_4_9/apache2/htdocs/yiiroot/framework/web/CWebApplication.php(282): CController->run('captcha')
#2 /Users/shahjalal/Library/Containers/com.bitnami.mampstack/Data/app-5_4_9/apache2/htdocs/yiiroot/framework/web/CWebApplication.php(141): CWebApplication->runController('users/captcha')
#3 /Users/shahjalal/Library/Containers/com.bitnami.mampstack/Data/app-5_4_9/apache2/htdocs/yiiroot/framework/base/CApplication.php(180): CWebApplication->processRequest()
#4 /Users/shahjalal/Library/Containers/com.bitnami.mampstack/Data/app-5_4_9/apache2/htdocs/yiireg/index.php(13): CApplication->run()
#5 {main}
REQUEST_URI=/yiireg/index.php/users/captcha?refresh=1&_=1388338423428
HTTP_REFERER=http://localhost:8080/yiireg/index.php/users
---
2013/12/29 09:33:49 [error] [exception.CHttpException.404] exception 'CHttpException' with message 'The system is unable to find the requested action "captcha".' in /Users/shahjalal/Library/Containers/com.bitnami.mampstack/Data/app-5_4_9/apache2/htdocs/yiiroot/framework/web/CController.php:483
Stack trace:
#0 /Users/shahjalal/Library/Containers/com.bitnami.mampstack/Data/app-5_4_9/apache2/htdocs/yiiroot/framework/web/CController.php(270): CController->missingAction('captcha')
#1 /Users/shahjalal/Library/Containers/com.bitnami.mampstack/Data/app-5_4_9/apache2/htdocs/yiiroot/framework/web/CWebApplication.php(282): CController->run('captcha')
#2 /Users/shahjalal/Library/Containers/com.bitnami.mampstack/Data/app-5_4_9/apache2/htdocs/yiiroot/framework/web/CWebApplication.php(141): CWebApplication->runController('users/captcha')
#3 /Users/shahjalal/Library/Containers/com.bitnami.mampstack/Data/app-5_4_9/apache2/htdocs/yiiroot/framework/base/CApplication.php(180): CWebApplication->processRequest()
#4 /Users/shahjalal/Library/Containers/com.bitnami.mampstack/Data/app-5_4_9/apache2/htdocs/yiireg/index.php(13): CApplication->run()
#5 {main}
REQUEST_URI=/yiireg/index.php/users/captcha?v=52c05cfd6be9e
HTTP_REFERER=http://localhost:8080/yiireg/index.php/users
---
2013/12/29 09:33:57 [error] [exception.CException] exception 'CException' with message 'CCaptchaValidator.action "captcha" is invalid. Unable to find such an action in the current controller.' in /Users/shahjalal/Library/Containers/com.bitnami.mampstack/Data/app-5_4_9/apache2/htdocs/yiiroot/framework/validators/CCaptchaValidator.php:77
Stack trace:
#0 /Users/shahjalal/Library/Containers/com.bitnami.mampstack/Data/app-5_4_9/apache2/htdocs/yiiroot/framework/validators/CCaptchaValidator.php(49): CCaptchaValidator->getCaptchaAction()
#1 /Users/shahjalal/Library/Containers/com.bitnami.mampstack/Data/app-5_4_9/apache2/htdocs/yiiroot/framework/validators/CValidator.php(213): CCaptchaValidator->validateAttribute(Object(Users), 'verifyCode')
#2 /Users/shahjalal/Library/Containers/com.bitnami.mampstack/Data/app-5_4_9/apache2/htdocs/yiiroot/framework/base/CModel.php(159): CValidator->validate(Object(Users), NULL)
#3 /Users/shahjalal/Library/Containers/com.bitnami.mampstack/Data/app-5_4_9/apache2/htdocs/yiireg/protected/controllers/UsersController.php(21): CModel->validate()
#4 /Users/shahjalal/Library/Containers/com.bitnami.mampstack/Data/app-5_4_9/apache2/htdocs/yiiroot/framework/web/actions/CInlineAction.php(49): UsersController->actionIndex()
#5 /Users/shahjalal/Library/Containers/com.bitnami.mampstack/Data/app-5_4_9/apache2/htdocs/yiiroot/framework/web/CController.php(308): CInlineAction->runWithParams(Array)
#6 /Users/shahjalal/Library/Containers/com.bitnami.mampstack/Data/app-5_4_9/apache2/htdocs/yiiroot/framework/web/CController.php(286): CController->runAction(Object(CInlineAction))
#7 /Users/shahjalal/Library/Containers/com.bitnami.mampstack/Data/app-5_4_9/apache2/htdocs/yiiroot/framework/web/CController.php(265): CController->runActionWithFilters(Object(CInlineAction), Array)
#8 /Users/shahjalal/Library/Containers/com.bitnami.mampstack/Data/app-5_4_9/apache2/htdocs/yiiroot/framework/web/CWebApplication.php(282): CController->run('')
#9 /Users/shahjalal/Library/Containers/com.bitnami.mampstack/Data/app-5_4_9/apache2/htdocs/yiiroot/framework/web/CWebApplication.php(141): CWebApplication->runController('users')
#10 /Users/shahjalal/Library/Containers/com.bitnami.mampstack/Data/app-5_4_9/apache2/htdocs/yiiroot/framework/base/CApplication.php(180): CWebApplication->processRequest()
#11 /Users/shahjalal/Library/Containers/com.bitnami.mampstack/Data/app-5_4_9/apache2/htdocs/yiireg/index.php(13): CApplication->run()
#12 {main}
REQUEST_URI=/yiireg/index.php/users
HTTP_REFERER=http://localhost:8080/yiireg/index.php/users
---
2013/12/29 21:20:45 [error] [exception.CHttpException.404] exception 'CHttpException' with message 'The system is unable to find the requested action "view".' in /Users/shahjalal/Library/Containers/com.bitnami.mampstack/Data/app-5_4_9/apache2/htdocs/yiiroot/framework/web/CController.php:483
Stack trace:
#0 /Users/shahjalal/Library/Containers/com.bitnami.mampstack/Data/app-5_4_9/apache2/htdocs/yiiroot/framework/web/CController.php(270): CController->missingAction('view')
#1 /Users/shahjalal/Library/Containers/com.bitnami.mampstack/Data/app-5_4_9/apache2/htdocs/yiiroot/framework/web/CWebApplication.php(282): CController->run('view')
#2 /Users/shahjalal/Library/Containers/com.bitnami.mampstack/Data/app-5_4_9/apache2/htdocs/yiiroot/framework/web/CWebApplication.php(141): CWebApplication->runController('users/view')
#3 /Users/shahjalal/Library/Containers/com.bitnami.mampstack/Data/app-5_4_9/apache2/htdocs/yiiroot/framework/base/CApplication.php(180): CWebApplication->processRequest()
#4 /Users/shahjalal/Library/Containers/com.bitnami.mampstack/Data/app-5_4_9/apache2/htdocs/yiireg/index.php(13): CApplication->run()
#5 {main}
REQUEST_URI=/yiireg/index.php/users/view?url=users%2Findex
HTTP_REFERER=http://localhost:8080/yiireg/index.php/users/index
---
2013/12/31 05:16:20 [error] [php] Undefined variable: user (/Users/shahjalal/Library/Containers/com.bitnami.mampstack/Data/app-5_4_9/apache2/htdocs/yiireg/protected/components/UserIdentity.php:22)
Stack trace:
#0 /Users/shahjalal/Library/Containers/com.bitnami.mampstack/Data/app-5_4_9/apache2/htdocs/yiiroot/framework/validators/CValidator.php(213): CInlineValidator->validateAttribute()
#1 /Users/shahjalal/Library/Containers/com.bitnami.mampstack/Data/app-5_4_9/apache2/htdocs/yiiroot/framework/base/CModel.php(159): CInlineValidator->validate()
#2 /Users/shahjalal/Library/Containers/com.bitnami.mampstack/Data/app-5_4_9/apache2/htdocs/yiireg/protected/controllers/SiteController.php(95): LoginForm->validate()
#3 /Users/shahjalal/Library/Containers/com.bitnami.mampstack/Data/app-5_4_9/apache2/htdocs/yiiroot/framework/web/actions/CInlineAction.php(49): SiteController->actionLogin()
#4 /Users/shahjalal/Library/Containers/com.bitnami.mampstack/Data/app-5_4_9/apache2/htdocs/yiiroot/framework/web/CController.php(308): CInlineAction->runWithParams()
#5 /Users/shahjalal/Library/Containers/com.bitnami.mampstack/Data/app-5_4_9/apache2/htdocs/yiiroot/framework/web/CController.php(286): SiteController->runAction()
#6 /Users/shahjalal/Library/Containers/com.bitnami.mampstack/Data/app-5_4_9/apache2/htdocs/yiiroot/framework/web/CController.php(265): SiteController->runActionWithFilters()
#7 /Users/shahjalal/Library/Containers/com.bitnami.mampstack/Data/app-5_4_9/apache2/htdocs/yiiroot/framework/web/CWebApplication.php(282): SiteController->run()
#8 /Users/shahjalal/Library/Containers/com.bitnami.mampstack/Data/app-5_4_9/apache2/htdocs/yiiroot/framework/web/CWebApplication.php(141): CWebApplication->runController()
#9 /Users/shahjalal/Library/Containers/com.bitnami.mampstack/Data/app-5_4_9/apache2/htdocs/yiiroot/framework/base/CApplication.php(180): CWebApplication->processRequest()
#10 /Users/shahjalal/Library/Containers/com.bitnami.mampstack/Data/app-5_4_9/apache2/htdocs/yiireg/index.php(13): CWebApplication->run()
REQUEST_URI=/yiireg/index.php/site/login
in /Users/shahjalal/Library/Containers/com.bitnami.mampstack/Data/app-5_4_9/apache2/htdocs/yiireg/protected/components/UserIdentity.php (22)
in /Users/shahjalal/Library/Containers/com.bitnami.mampstack/Data/app-5_4_9/apache2/htdocs/yiireg/protected/models/LoginForm.php (52)
in /Users/shahjalal/Library/Containers/com.bitnami.mampstack/Data/app-5_4_9/apache2/htdocs/yiireg/protected/controllers/SiteController.php (95)
2013/12/31 05:22:55 [error] [system.db.CDbCommand] CDbCommand::execute() failed: SQLSTATE[23000]: Integrity constraint violation: 1062 Duplicate entry 'shahjalal' for key 'username'. The SQL statement executed was: INSERT INTO `users` (`username`, `fname`, `lname`, `email`, `country`, `address`, `gender`, `pwd_hash`) VALUES (:yp0, :yp1, :yp2, :yp3, :yp4, :yp5, :yp6, :yp7).
in /Users/shahjalal/Library/Containers/com.bitnami.mampstack/Data/app-5_4_9/apache2/htdocs/yiireg/protected/controllers/UsersController.php (39)
in /Users/shahjalal/Library/Containers/com.bitnami.mampstack/Data/app-5_4_9/apache2/htdocs/yiireg/index.php (13)
2013/12/31 05:22:55 [error] [exception.CDbException] exception 'CDbException' with message 'CDbCommand failed to execute the SQL statement: SQLSTATE[23000]: Integrity constraint violation: 1062 Duplicate entry 'shahjalal' for key 'username'. The SQL statement executed was: INSERT INTO `users` (`username`, `fname`, `lname`, `email`, `country`, `address`, `gender`, `pwd_hash`) VALUES (:yp0, :yp1, :yp2, :yp3, :yp4, :yp5, :yp6, :yp7)' in /Users/shahjalal/Library/Containers/com.bitnami.mampstack/Data/app-5_4_9/apache2/htdocs/yiiroot/framework/db/CDbCommand.php:358
Stack trace:
#0 /Users/shahjalal/Library/Containers/com.bitnami.mampstack/Data/app-5_4_9/apache2/htdocs/yiiroot/framework/db/ar/CActiveRecord.php(1077): CDbCommand->execute()
#1 /Users/shahjalal/Library/Containers/com.bitnami.mampstack/Data/app-5_4_9/apache2/htdocs/yiiroot/framework/db/ar/CActiveRecord.php(806): CActiveRecord->insert(NULL)
#2 /Users/shahjalal/Library/Containers/com.bitnami.mampstack/Data/app-5_4_9/apache2/htdocs/yiireg/protected/controllers/UsersController.php(39): CActiveRecord->save()
#3 /Users/shahjalal/Library/Containers/com.bitnami.mampstack/Data/app-5_4_9/apache2/htdocs/yiiroot/framework/web/actions/CInlineAction.php(49): UsersController->actionIndex()
#4 /Users/shahjalal/Library/Containers/com.bitnami.mampstack/Data/app-5_4_9/apache2/htdocs/yiiroot/framework/web/CController.php(308): CInlineAction->runWithParams(Array)
#5 /Users/shahjalal/Library/Containers/com.bitnami.mampstack/Data/app-5_4_9/apache2/htdocs/yiiroot/framework/web/CController.php(286): CController->runAction(Object(CInlineAction))
#6 /Users/shahjalal/Library/Containers/com.bitnami.mampstack/Data/app-5_4_9/apache2/htdocs/yiiroot/framework/web/CController.php(265): CController->runActionWithFilters(Object(CInlineAction), Array)
#7 /Users/shahjalal/Library/Containers/com.bitnami.mampstack/Data/app-5_4_9/apache2/htdocs/yiiroot/framework/web/CWebApplication.php(282): CController->run('index')
#8 /Users/shahjalal/Library/Containers/com.bitnami.mampstack/Data/app-5_4_9/apache2/htdocs/yiiroot/framework/web/CWebApplication.php(141): CWebApplication->runController('users/index')
#9 /Users/shahjalal/Library/Containers/com.bitnami.mampstack/Data/app-5_4_9/apache2/htdocs/yiiroot/framework/base/CApplication.php(180): CWebApplication->processRequest()
#10 /Users/shahjalal/Library/Containers/com.bitnami.mampstack/Data/app-5_4_9/apache2/htdocs/yiireg/index.php(13): CApplication->run()
#11 {main}
REQUEST_URI=/yiireg/index.php/users/index
HTTP_REFERER=http://localhost:8080/yiireg/index.php/users/index
---
